mode: set
scrambled-strings/pkg/matcher/matcher.go:9.40,11.20 1 1
scrambled-strings/pkg/matcher/matcher.go:11.20,13.3 1 1
scrambled-strings/pkg/matcher/matcher.go:16.2,19.41 2 1
scrambled-strings/pkg/matcher/matcher.go:19.41,21.3 1 1
scrambled-strings/pkg/matcher/matcher.go:24.2,24.69 1 1
scrambled-strings/pkg/matcher/matcher.go:29.65,31.29 2 1
scrambled-strings/pkg/matcher/matcher.go:31.29,32.47 1 1
scrambled-strings/pkg/matcher/matcher.go:32.47,34.4 1 1
scrambled-strings/pkg/matcher/matcher.go:36.2,36.21 1 1
scrambled-strings/pkg/matcher/matcher.go:40.67,43.42 2 1
scrambled-strings/pkg/matcher/matcher.go:43.42,46.44 2 1
scrambled-strings/pkg/matcher/matcher.go:46.44,50.39 3 1
scrambled-strings/pkg/matcher/matcher.go:50.39,52.10 2 1
scrambled-strings/pkg/matcher/matcher.go:57.2,57.14 1 1
